<?xml version="1.0" encoding="UTF-8"?>
<testsuite xmlns:xsi="http://www.w3.org/2001/XMLSchema-instance" xsi:noNamespaceSchemaLocation="https://maven.apache.org/surefire/maven-surefire-plugin/xsd/surefire-test-report.xsd" version="3.0.2" name="com.cookmate.controller.RecipeControllerTest" time="1.025" tests="10" errors="0" skipped="0" failures="0" flakes="0">
  <properties>
[...]
</properties>
  <testcase name="seasonalEndpointReturnsSeasonalRecipes" classname="com.cookmate.controller.RecipeControllerTest" time="0.05">
    <system-out><![CDATA[2026-03-20T08:41:42.827+05:30  INFO 10660 --- [           main] t.c.s.AnnotationConfigContextLoaderUtils : Could not detect default configuration classes for test class [com.cookmate.controller.RecipeControllerTest]: RecipeControllerTest does not declare any static, non-private, non-final, nested classes annotated with @Configuration.
2026-03-20T08:41:42.852+05:30  INFO 10660 --- [           main] .b.t.c.SpringBootTestContextBootstrapper : Found @SpringBootConfiguration com.cookmate.CookmateStudentBackendApplication for test class com.cookmate.controller.RecipeControllerTest

  .   ____          _            __ _ _
 /\\ / ___'_ __ _ _(_)_ __  __ _ \ \ \ \
( ( )\___ | '_ | '_| | '_ \/ _` | \ \ \ \
 \\/  ___)| |_)| | | | | || (_| |  ) ) ) )
  '  |____| .__|_| |_|_| |_\__, | / / / /
 =========|_|==============|___/=/_/_/_/

 :: Spring Boot ::               (v3.5.12)

2026-03-20T08:41:42.938+05:30  INFO 10660 --- [           main] c.c.controller.RecipeControllerTest      : Starting RecipeControllerTest using Java 21.0.9 with PID 10660 (started by sivag in C:\Users\sivag\Desktop\resum-detailes\own-projects\cook-mate\backend)
2026-03-20T08:41:42.940+05:30  INFO 10660 --- [           main] c.c.controller.RecipeControllerTest      : No active profile set, falling back to 1 default profile: "default"
2026-03-20T08:41:43.501+05:30  WARN 10660 --- [           main] .s.s.UserDetailsServiceAutoConfiguration : 

Using generated security password: 3f348754-199e-47af-a46c-cb08cee3a904

This generated password is for development use only. Your security configuration must be updated before running your application in production.

2026-03-20T08:41:43.501+05:30  INFO 10660 --- [           main] r$InitializeUserDetailsManagerConfigurer : Global AuthenticationManager configured with UserDetailsService bean with name inMemoryUserDetailsManager
2026-03-20T08:41:43.537+05:30  INFO 10660 --- [           main] o.s.b.t.m.w.SpringBootMockServletContext : Initializing Spring TestDispatcherServlet ''
2026-03-20T08:41:43.537+05:30  INFO 10660 --- [           main] o.s.t.web.servlet.TestDispatcherServlet  : Initializing Servlet ''
2026-03-20T08:41:43.537+05:30  INFO 10660 --- [           main] o.s.t.web.servlet.TestDispatcherServlet  : Completed initialization in 0 ms
2026-03-20T08:41:43.555+05:30  INFO 10660 --- [           main] c.c.controller.RecipeControllerTest      : Started RecipeControllerTest in 0.696 seconds (process running for 11.464)
]]></system-out>
  </testcase>
  <testcase name="groceryGroupedEndpointReturnsAisleMap" classname="com.cookmate.controller.RecipeControllerTest" time="0.032"/>
  <testcase name="remixEndpointReturnsGeneratedVariation" classname="com.cookmate.controller.RecipeControllerTest" time="0.024"/>
  <testcase name="versionsEndpointReturnsHistoryList" classname="com.cookmate.controller.RecipeControllerTest" time="0.02"/>
  <testcase name="plannedSpendEndpointReturnsTotalAndCount" classname="com.cookmate.controller.RecipeControllerTest" time="0.018"/>
  <testcase name="cookAgainEndpointReturnsCookedHistoryOrder" classname="com.cookmate.controller.RecipeControllerTest" time="0.014"/>
  <testcase name="occasionEndpointReturnsOccasionRecipes" classname="com.cookmate.controller.RecipeControllerTest" time="0.015"/>
  <testcase name="weatherEndpointReturnsWeatherBasedRecipes" classname="com.cookmate.controller.RecipeControllerTest" time="0.014"/>
  <testcase name="groceryGroupedAndPlannedSpendStayConsistentInSingleFlow" classname="com.cookmate.controller.RecipeControllerTest" time="0.031"/>
  <testcase name="updateEndpointReturnsUpdatedRecipe" classname="com.cookmate.controller.RecipeControllerTest" time="0.037"/>
</testsuite>