# JRE version: Java(TM) SE Runtime Environment (21.0.9+7) (build 21.0.9+7-LTS-338)
# Java VM: Java HotSpot(TM) 64-Bit Server VM (21.0.9+7-LTS-338, mixed mode, sharing, tiered, compressed oops, compressed class ptrs, g1 gc, windows-amd64)
GC Precious Log:
 CardTable entry size: 512
 Card Set container configuration: InlinePtr #cards 5 size 8 Array Of Cards #cards 12 size 40 Howl #buckets 4 coarsen threshold 1843 Howl Bitmap #cards 512 size 80 coarsen threshold 460 Card regions per heap region 1 cards per card region 2048
 CPUs: 12 total, 12 available
 Memory: 23905M
 Large Page Support: Disabled
 NUMA Support: Disabled
 Compressed Oops: Enabled (32-bit)
 Heap Region Size: 1M
 Heap Min Capacity: 64M
 Heap Initial Capacity: 64M
 Heap Max Capacity: 64M
 Pre-touch: Disabled
 Parallel Workers: 10
 Concurrent Workers: 3
 Concurrent Refinement Workers: 10
 Periodic GC: Disabled
Heap:
 garbage-first heap   total 65536K, used 15868K [0x00000000fc000000, 0x0000000100000000)
  region size 1024K, 4 young (4096K), 1 survivors (1024K)
 Metaspace       used 10474K, committed 10880K, reserved 1114112K
  class space    used 1332K, committed 1536K, reserved 1048576K
GC Heap History (6 events):
Event: 1.191 GC heap before
{Heap before GC invocations=0 (full 0):
 garbage-first heap   total 65536K, used 22528K [0x00000000fc000000, 0x0000000100000000)
  region size 1024K, 23 young (23552K), 0 survivors (0K)
 Metaspace       used 1687K, committed 1856K, reserved 1114112K
  class space    used 147K, committed 256K, reserved 1048576K
}
Event: 1.204 GC heap after
{Heap after GC invocations=1 (full 0):
 garbage-first heap   total 65536K, used 4352K [0x00000000fc000000, 0x0000000100000000)
  region size 1024K, 3 young (3072K), 3 survivors (3072K)
 Metaspace       used 1687K, committed 1856K, reserved 1114112K
  class space    used 147K, committed 256K, reserved 1048576K
}
Event: 47.262 GC heap before
{Heap before GC invocations=1 (full 0):
 garbage-first heap   total 65536K, used 39168K [0x00000000fc000000, 0x0000000100000000)
  region size 1024K, 33 young (33792K), 3 survivors (3072K)
 Metaspace       used 10257K, committed 10624K, reserved 1114112K
  class space    used 1331K, committed 1536K, reserved 1048576K
}
Event: 47.270 GC heap after
{Heap after GC invocations=2 (full 0):
 garbage-first heap   total 65536K, used 13365K [0x00000000fc000000, 0x0000000100000000)
  region size 1024K, 5 young (5120K), 5 survivors (5120K)
 Metaspace       used 10257K, committed 10624K, reserved 1114112K
  class space    used 1331K, committed 1536K, reserved 1048576K
}
Event: 464.466 GC heap before
{Heap before GC invocations=2 (full 0):
 garbage-first heap   total 65536K, used 43061K [0x00000000fc000000, 0x0000000100000000)
  region size 1024K, 34 young (34816K), 5 survivors (5120K)
 Metaspace       used 10472K, committed 10880K, reserved 1114112K
  class space    used 1332K, committed 1536K, reserved 1048576K
}
Event: 464.472 GC heap after
{Heap after GC invocations=3 (full 0):
 garbage-first heap   total 65536K, used 13820K [0x00000000fc000000, 0x0000000100000000)
  region size 1024K, 1 young (1024K), 1 survivors (1024K)
 Metaspace       used 10472K, committed 10880K, reserved 1114112K
  class space    used 1332K, committed 1536K, reserved 1048576K
}

